<?xml version="1.0" encoding="UTF-8"?>
<testng-results ignored="0" total="4" passed="4" failed="0" skipped="0">
  <reporter-output>
  </reporter-output>
  <suite started-at="2024-05-21T10:28:43 IST" name="Suite" finished-at="2024-05-21T10:28:49 IST" duration-ms="6356">
    <groups>
    </groups>
    <test started-at="2024-05-21T10:28:43 IST" name="Test" finished-at="2024-05-21T10:28:49 IST" duration-ms="6356">
      <class name="day8.UpdateUser">
        <test-method signature="testUpdateUser(org.testng.ITestContext)[pri:0, instance:day8.UpdateUser@1e1a0406]" started-at="2024-05-21T10:28:48 IST" name="testUpdateUser" finished-at="2024-05-21T10:28:48 IST" duration-ms="379" status="PASS">
          <params>
            <param index="0">
              <value>
                <![CDATA[org.testng.TestRunner@17bffc17]]>
              </value>
            </param>
          </params>
          <reporter-output>
          </reporter-output>
        </test-method> <!-- testUpdateUser -->
      </class> <!-- day8.UpdateUser -->
      <class name="day8.DeleteUser">
        <test-method signature="testDeleteUer(org.testng.ITestContext)[pri:0, instance:day8.DeleteUser@3cebbb30]" started-at="2024-05-21T10:28:48 IST" name="testDeleteUer" finished-at="2024-05-21T10:28:49 IST" duration-ms="501" status="PASS">
          <params>
            <param index="0">
              <value>
                <![CDATA[org.testng.TestRunner@17bffc17]]>
              </value>
            </param>
          </params>
          <reporter-output>
          </reporter-output>
        </test-method> <!-- testDeleteUer -->
      </class> <!-- day8.DeleteUser -->
      <class name="day8.CreateUser">
        <test-method signature="testCreateUser(org.testng.ITestContext)[pri:0, instance:day8.CreateUser@3a44431a]" started-at="2024-05-21T10:28:43 IST" name="testCreateUser" finished-at="2024-05-21T10:28:48 IST" duration-ms="4870" status="PASS">
          <params>
            <param index="0">
              <value>
                <![CDATA[org.testng.TestRunner@17bffc17]]>
              </value>
            </param>
          </params>
          <reporter-output>
          </reporter-output>
        </test-method> <!-- testCreateUser -->
      </class> <!-- day8.CreateUser -->
      <class name="day8.GetUser">
        <test-method signature="testGetUser(org.testng.ITestContext)[pri:0, instance:day8.GetUser@23c30a20]" started-at="2024-05-21T10:28:48 IST" name="testGetUser" finished-at="2024-05-21T10:28:48 IST" duration-ms="507" status="PASS">
          <params>
            <param index="0">
              <value>
                <![CDATA[org.testng.TestRunner@17bffc17]]>
              </value>
            </param>
          </params>
          <reporter-output>
          </reporter-output>
        </test-method> <!-- testGetUser -->
      </class> <!-- day8.GetUser -->
    </test> <!-- Test -->
  </suite> <!-- Suite -->
</testng-results>
